2025.03.04 22:27:42 INFO  Started: Metals version 1.5.1 in folders 'C:\university\metro\metro1\scalalr1' for client Visual Studio Code 1.97.2.
2025.03.04 22:27:43 INFO  no build target found for C:\university\metro\metro1\scalalr1\project\Dependencies.scala. Using presentation compiler with project's scala-library version: 3.3.4
2025.03.04 22:27:43 INFO  no build target found for C:\university\metro\metro1\scalalr1\project\Dependencies.scala. Using presentation compiler with project's scala-library version: 3.3.4
2025.03.04 22:27:45 INFO  no build target found for C:\university\metro\metro1\scalalr1\project\Dependencies.scala. Using presentation compiler with project's scala-library version: 3.3.4
2025.03.04 22:27:47 INFO  no build target found for C:\university\metro\metro1\scalalr1\project\Dependencies.scala. Using presentation compiler with project's scala-library version: 3.3.4
2025.03.04 22:27:47 INFO  no build target found for C:\university\metro\metro1\scalalr1\src\test\scala\example\HelloSpec.scala. Using presentation compiler with project's scala-library version: 3.3.4
2025.03.04 22:27:48 INFO  no build target found for C:\university\metro\metro1\scalalr1\src\test\scala\example\HelloSpec.scala. Using presentation compiler with project's scala-library version: 3.3.4
2025.03.04 22:27:47 INFO  no build target found for C:\university\metro\metro1\scalalr1\src\test\scala\example\HelloSpec.scala. Using presentation compiler with project's scala-library version: 3.3.4
2025.03.04 22:28:16 INFO  no build target found for C:\university\metro\metro1\scalalr1\src\test\scala\example\HelloSpec.scala. Using presentation compiler with project's scala-library version: 3.3.4
2025.03.04 22:28:16 INFO  no build target found for C:\university\metro\metro1\scalalr1\src\main\scala\example\Hello.scala. Using presentation compiler with project's scala-library version: 3.3.4
2025.03.04 22:28:17 INFO  no build target found for C:\university\metro\metro1\scalalr1\src\main\scala\example\Hello.scala. Using presentation compiler with project's scala-library version: 3.3.4
Mar 04, 2025 10:29:44 PM org.eclipse.lsp4j.jsonrpc.services.GenericEndpoint notify
WARNING: Unsupported notification method: metals/windowStateDidChange
Mar 04, 2025 10:31:05 PM org.eclipse.lsp4j.jsonrpc.services.GenericEndpoint notify
WARNING: Unsupported notification method: metals/windowStateDidChange
Mar 04, 2025 10:31:50 PM org.eclipse.lsp4j.jsonrpc.services.GenericEndpoint notify
WARNING: Unsupported notification method: metals/windowStateDidChange
Mar 04, 2025 10:31:50 PM org.eclipse.lsp4j.jsonrpc.services.GenericEndpoint notify
WARNING: Unsupported notification method: metals/windowStateDidChange
Mar 04, 2025 10:41:53 PM org.eclipse.lsp4j.jsonrpc.services.GenericEndpoint notify
WARNING: Unsupported notification method: metals/windowStateDidChange
Mar 04, 2025 10:41:53 PM org.eclipse.lsp4j.jsonrpc.services.GenericEndpoint notify
WARNING: Unsupported notification method: metals/windowStateDidChange
2025.03.04 22:41:55 INFO  no build target found for C:\university\metro\metro1\scalalr1\src\main\scala\example\Hello.scala. Using presentation compiler with project's scala-library version: 3.3.4
2025.03.04 22:41:55 INFO  no build target found for C:\university\metro\metro1\scalalr1\src\test\scala\example\HelloSpec.scala. Using presentation compiler with project's scala-library version: 3.3.4
2025.03.04 22:41:55 INFO  no build target found for C:\university\metro\metro1\scalalr1\src\test\scala\example\HelloSpec.scala. Using presentation compiler with project's scala-library version: 3.3.4
2025.03.04 22:41:58 INFO  no build target found for C:\university\metro\metro1\scalalr1\src\test\scala\example\HelloSpec.scala. Using presentation compiler with project's scala-library version: 3.3.4
2025.03.04 22:41:58 INFO  no build target found for C:\university\metro\metro1\scalalr1\src\main\scala\example\Hello.scala. Using presentation compiler with project's scala-library version: 3.3.4
2025.03.04 22:41:58 INFO  no build target found for C:\university\metro\metro1\scalalr1\src\main\scala\example\Hello.scala. Using presentation compiler with project's scala-library version: 3.3.4
2025.03.04 22:42:00 INFO  no build target found for C:\university\metro\metro1\scalalr1\src\main\scala\example\Hello.scala. Using presentation compiler with project's scala-library version: 3.3.4
2025.03.04 22:42:00 INFO  no build target found for C:\university\metro\metro1\scalalr1\src\test\scala\example\HelloSpec.scala. Using presentation compiler with project's scala-library version: 3.3.4
2025.03.04 22:42:00 INFO  no build target found for C:\university\metro\metro1\scalalr1\src\test\scala\example\HelloSpec.scala. Using presentation compiler with project's scala-library version: 3.3.4
2025.03.04 22:42:07 INFO  no build target found for c:\university\metro\metro1\scalalr1\src\test\scala\example\HelloSpec.scala. Using presentation compiler with project's scala-library version: 3.3.4
2025.03.04 22:42:13 INFO  no build target found for C:\university\metro\metro1\scalalr1\src\main\scala\example\Hello.scala. Using presentation compiler with project's scala-library version: 3.3.4
2025.03.04 22:42:14 INFO  no build target found for C:\university\metro\metro1\scalalr1\src\main\scala\example\Hello.scala. Using presentation compiler with project's scala-library version: 3.3.4
Mar 04, 2025 10:42:18 PM org.eclipse.lsp4j.jsonrpc.services.GenericEndpoint notify
WARNING: Unsupported notification method: metals/windowStateDidChange
Mar 04, 2025 10:42:35 PM org.eclipse.lsp4j.jsonrpc.services.GenericEndpoint notify
WARNING: Unsupported notification method: metals/windowStateDidChange
2025.03.04 22:42:37 INFO  no build target found for C:\university\metro\metro1\scalalr1\src\main\scala\example\Hello.scala. Using presentation compiler with project's scala-library version: 3.3.4
2025.03.04 22:42:37 INFO  no build target found for C:\university\metro\metro1\scalalr1\src\main\scala\example\Hello.scala. Using presentation compiler with project's scala-library version: 3.3.4
2025.03.04 22:42:37 INFO  no build target found for C:\university\metro\metro1\scalalr1\src\main\scala\example\Hello.scala. Using presentation compiler with project's scala-library version: 3.3.4
2025.03.04 22:42:38 WARN  no build target for: C:\university\metro\metro1\scalalr1\src\main\scala\example\Hello.scala
2025.03.04 22:42:38 INFO  no build target found for C:\university\metro\metro1\scalalr1\src\main\scala\example\Hello.scala. Using presentation compiler with project's scala-library version: 3.3.4
Mar 04, 2025 10:42:38 PM org.eclipse.lsp4j.jsonrpc.services.GenericEndpoint notify
WARNING: Unsupported notification method: metals/windowStateDidChange
2025.03.04 22:42:38 ERROR C:\university\metro\metro1\scalalr1\src\main\scala\example\Hello.scala
scala.meta.internal.tokenizers.package$UnexpectedInputEndException
	at scala.meta.internal.tokenizers.LegacyScanner.$anonfun$nextToken$1(LegacyScanner.scala:172)
	at scala.Function0.apply$mcV$sp(Function0.scala:42)
	at scala.meta.internal.tokenizers.LegacyScanner.scala$meta$internal$tokenizers$LegacyScanner$$nextToken(LegacyScanner.scala:178)
	at scala.meta.internal.tokenizers.LegacyScanner.nextToken(LegacyScanner.scala:172)
	at scala.meta.internal.mtags.ScalaToplevelMtags$XtensionScanner.mtagsNextToken(ScalaToplevelMtags.scala:76)
	at scala.meta.internal.mtags.ScalaToplevelMtags.loop$3(ScalaToplevelMtags.scala:966)
	at scala.meta.internal.mtags.ScalaToplevelMtags.acceptWhileIndented(ScalaToplevelMtags.scala:980)
	at scala.meta.internal.mtags.ScalaToplevelMtags.loop(ScalaToplevelMtags.scala:365)
	at scala.meta.internal.mtags.ScalaToplevelMtags.indexRoot(ScalaToplevelMtags.scala:88)
	at scala.meta.internal.metals.SemanticdbDefinition$.foreachWithReturnMtags(SemanticdbDefinition.scala:81)
	at scala.meta.internal.metals.Indexer.indexSourceFile(Indexer.scala:485)
	at scala.meta.internal.metals.Indexer.$anonfun$reindexWorkspaceSources$3(Indexer.scala:583)
	at scala.meta.internal.metals.Indexer.$anonfun$reindexWorkspaceSources$3$adapted(Indexer.scala:580)
	at scala.collection.IterableOnceOps.foreach(IterableOnce.scala:619)
	at scala.collection.IterableOnceOps.foreach$(IterableOnce.scala:617)
	at scala.collection.AbstractIterator.foreach(Iterator.scala:1306)
	at scala.meta.internal.metals.Indexer.reindexWorkspaceSources(Indexer.scala:580)
	at scala.meta.internal.metals.MetalsLspService.$anonfun$onChange$2(MetalsLspService.scala:927)
	at scala.runtime.java8.JFunction0$mcV$sp.apply(JFunction0$mcV$sp.scala:18)
	at scala.concurrent.Future$.$anonfun$apply$1(Future.scala:687)
	at scala.concurrent.impl.Promise$Transformation.run(Promise.scala:467)
	at java.util.concurrent.ThreadPoolExecutor.runWorker(ThreadPoolExecutor.java:1136)
	at java.util.concurrent.ThreadPoolExecutor$Worker.run(ThreadPoolExecutor.java:635)
	at java.lang.Thread.run(Thread.java:840)

2025.03.04 22:42:38 INFO  no build target found for C:\university\metro\metro1\scalalr1\src\main\scala\example\Hello.scala. Using presentation compiler with project's scala-library version: 3.3.4
Mar 04, 2025 10:42:43 PM org.eclipse.lsp4j.jsonrpc.services.GenericEndpoint notify
WARNING: Unsupported notification method: metals/windowStateDidChange
2025.03.04 22:42:44 INFO  no build target found for C:\university\metro\metro1\scalalr1\src\main\scala\example\Hello.scala. Using presentation compiler with project's scala-library version: 3.3.4
2025.03.04 22:42:45 INFO  no build target found for C:\university\metro\metro1\scalalr1\src\main\scala\example\Hello.scala. Using presentation compiler with project's scala-library version: 3.3.4
2025.03.04 22:42:45 WARN  no build target for: C:\university\metro\metro1\scalalr1\src\main\scala\example\Hello.scala
2025.03.04 22:42:45 INFO  no build target found for C:\university\metro\metro1\scalalr1\src\main\scala\example\Hello.scala. Using presentation compiler with project's scala-library version: 3.3.4
2025.03.04 22:42:45 INFO  no build target found for C:\university\metro\metro1\scalalr1\src\main\scala\example\Hello.scala. Using presentation compiler with project's scala-library version: 3.3.4
2025.03.04 22:42:47 INFO  no build target found for C:\university\metro\metro1\scalalr1\src\main\scala\example\Hello.scala. Using presentation compiler with project's scala-library version: 3.3.4
2025.03.04 22:42:51 INFO  no build target found for C:\university\metro\metro1\scalalr1\src\main\scala\example\Hello.scala. Using presentation compiler with project's scala-library version: 3.3.4
2025.03.04 22:43:08 INFO  no build target found for C:\university\metro\metro1\scalalr1\src\main\scala\example\Hello.scala. Using presentation compiler with project's scala-library version: 3.3.4
2025.03.04 22:43:11 INFO  no build target found for C:\university\metro\metro1\scalalr1\src\main\scala\example\Hello.scala. Using presentation compiler with project's scala-library version: 3.3.4
2025.03.04 22:43:12 INFO  no build target found for C:\university\metro\metro1\scalalr1\src\main\scala\example\Hello.scala. Using presentation compiler with project's scala-library version: 3.3.4
2025.03.04 22:43:13 INFO  no build target found for C:\university\metro\metro1\scalalr1\src\main\scala\example\Hello.scala. Using presentation compiler with project's scala-library version: 3.3.4
Mar 04, 2025 10:43:15 PM org.eclipse.lsp4j.jsonrpc.services.GenericEndpoint notify
WARNING: Unsupported notification method: metals/windowStateDidChange
Mar 04, 2025 10:43:49 PM org.eclipse.lsp4j.jsonrpc.services.GenericEndpoint notify
WARNING: Unsupported notification method: metals/windowStateDidChange
2025.03.04 22:43:50 INFO  no build target found for C:\university\metro\metro1\scalalr1\src\main\scala\example\Hello.scala. Using presentation compiler with project's scala-library version: 3.3.4
Mar 04, 2025 10:44:03 PM org.eclipse.lsp4j.jsonrpc.services.GenericEndpoint notify
WARNING: Unsupported notification method: metals/windowStateDidChange
Mar 04, 2025 10:44:04 PM org.eclipse.lsp4j.jsonrpc.services.GenericEndpoint notify
WARNING: Unsupported notification method: metals/windowStateDidChange
Mar 04, 2025 10:44:57 PM org.eclipse.lsp4j.jsonrpc.services.GenericEndpoint notify
WARNING: Unsupported notification method: metals/windowStateDidChange
Mar 04, 2025 10:44:57 PM org.eclipse.lsp4j.jsonrpc.services.GenericEndpoint notify
WARNING: Unsupported notification method: metals/windowStateDidChange
2025.03.04 22:44:58 INFO  no build target found for C:\university\metro\metro1\scalalr1\src\main\scala\example\Hello.scala. Using presentation compiler with project's scala-library version: 3.3.4
2025.03.04 22:45:02 WARN  no build target for: C:\university\metro\metro1\scalalr1\src\main\scala\example\Hello.scala
2025.03.04 22:45:02 INFO  no build target found for C:\university\metro\metro1\scalalr1\src\main\scala\example\Hello.scala. Using presentation compiler with project's scala-library version: 3.3.4
2025.03.04 22:45:02 INFO  no build target found for C:\university\metro\metro1\scalalr1\src\main\scala\example\Hello.scala. Using presentation compiler with project's scala-library version: 3.3.4
2025.03.04 22:45:02 INFO  no build target found for C:\university\metro\metro1\scalalr1\src\main\scala\example\Hello.scala. Using presentation compiler with project's scala-library version: 3.3.4
2025.03.04 22:45:02 INFO  no build target found for C:\university\metro\metro1\scalalr1\src\main\scala\example\Hello.scala. Using presentation compiler with project's scala-library version: 3.3.4
2025.03.04 22:45:02 INFO  no build target found for C:\university\metro\metro1\scalalr1\src\main\scala\example\Hello.scala. Using presentation compiler with project's scala-library version: 3.3.4
2025.03.04 22:45:04 INFO  no build target found for C:\university\metro\metro1\scalalr1\src\main\scala\example\Hello.scala. Using presentation compiler with project's scala-library version: 3.3.4
2025.03.04 22:45:04 WARN  no build target for: C:\university\metro\metro1\scalalr1\src\main\scala\example\Hello.scala
2025.03.04 22:45:04 INFO  no build target found for C:\university\metro\metro1\scalalr1\src\main\scala\example\Hello.scala. Using presentation compiler with project's scala-library version: 3.3.4
2025.03.04 22:45:04 INFO  no build target found for C:\university\metro\metro1\scalalr1\src\main\scala\example\Hello.scala. Using presentation compiler with project's scala-library version: 3.3.4
2025.03.04 22:45:05 INFO  no build target found for C:\university\metro\metro1\scalalr1\src\main\scala\example\Hello.scala. Using presentation compiler with project's scala-library version: 3.3.4
2025.03.04 22:45:05 INFO  no build target found for C:\university\metro\metro1\scalalr1\src\main\scala\example\Hello.scala. Using presentation compiler with project's scala-library version: 3.3.4
2025.03.04 22:45:08 INFO  no build target found for C:\university\metro\metro1\scalalr1\src\main\scala\example\Hello.scala. Using presentation compiler with project's scala-library version: 3.3.4
2025.03.04 22:45:08 INFO  no build target found for C:\university\metro\metro1\scalalr1\src\main\scala\example\Hello.scala. Using presentation compiler with project's scala-library version: 3.3.4
2025.03.04 22:45:10 INFO  no build target found for C:\university\metro\metro1\scalalr1\src\main\scala\example\Hello.scala. Using presentation compiler with project's scala-library version: 3.3.4
Mar 04, 2025 10:45:31 PM org.eclipse.lsp4j.jsonrpc.services.GenericEndpoint notify
WARNING: Unsupported notification method: metals/windowStateDidChange
Mar 04, 2025 10:45:53 PM org.eclipse.lsp4j.jsonrpc.services.GenericEndpoint notify
WARNING: Unsupported notification method: metals/windowStateDidChange
2025.03.04 22:45:53 INFO  no build target found for C:\university\metro\metro1\scalalr1\src\main\scala\example\Hello.scala. Using presentation compiler with project's scala-library version: 3.3.4
2025.03.04 22:46:25 INFO  no build target found for C:\university\metro\metro1\scalalr1\src\main\scala\example\Hello.scala. Using presentation compiler with project's scala-library version: 3.3.4
2025.03.04 22:46:25 INFO  no build target found for C:\university\metro\metro1\scalalr1\src\main\scala\example\Hello.scala. Using presentation compiler with project's scala-library version: 3.3.4
Mar 04, 2025 10:46:27 PM org.eclipse.lsp4j.jsonrpc.services.GenericEndpoint notify
WARNING: Unsupported notification method: metals/windowStateDidChange
Mar 04, 2025 10:46:34 PM org.eclipse.lsp4j.jsonrpc.services.GenericEndpoint notify
WARNING: Unsupported notification method: metals/windowStateDidChange
2025.03.04 22:46:34 INFO  no build target found for C:\university\metro\metro1\scalalr1\src\main\scala\example\Hello.scala. Using presentation compiler with project's scala-library version: 3.3.4
2025.03.04 22:46:34 INFO  no build target found for C:\university\metro\metro1\scalalr1\src\main\scala\example\Hello.scala. Using presentation compiler with project's scala-library version: 3.3.4
2025.03.04 22:46:36 INFO  no build target found for C:\university\metro\metro1\scalalr1\src\main\scala\example\Hello.scala. Using presentation compiler with project's scala-library version: 3.3.4
Mar 04, 2025 10:46:36 PM org.eclipse.lsp4j.jsonrpc.services.GenericEndpoint notify
WARNING: Unsupported notification method: metals/windowStateDidChange
Mar 04, 2025 10:47:37 PM org.eclipse.lsp4j.jsonrpc.services.GenericEndpoint notify
WARNING: Unsupported notification method: metals/windowStateDidChange
2025.03.04 22:48:08 INFO  no build target found for C:\university\metro\metro1\scalalr1\src\main\scala\example\Hello.scala. Using presentation compiler with project's scala-library version: 3.3.4
2025.03.04 22:48:14 INFO  no build target found for C:\university\metro\metro1\scalalr1\src\main\scala\example\Hello.scala. Using presentation compiler with project's scala-library version: 3.3.4
Mar 04, 2025 10:48:14 PM org.eclipse.lsp4j.jsonrpc.services.GenericEndpoint notify
WARNING: Unsupported notification method: metals/windowStateDidChange
Mar 04, 2025 10:48:14 PM org.eclipse.lsp4j.jsonrpc.services.GenericEndpoint notify
WARNING: Unsupported notification method: metals/windowStateDidChange
2025.03.04 22:48:14 INFO  no build target found for C:\university\metro\metro1\scalalr1\src\main\scala\example\Hello.scala. Using presentation compiler with project's scala-library version: 3.3.4
2025.03.04 22:48:14 INFO  no build target found for C:\university\metro\metro1\scalalr1\src\main\scala\example\Hello.scala. Using presentation compiler with project's scala-library version: 3.3.4
2025.03.04 22:48:25 INFO  no build target found for C:\university\metro\metro1\scalalr1\src\main\scala\example\Hello.scala. Using presentation compiler with project's scala-library version: 3.3.4
2025.03.04 22:48:25 INFO  no build target found for C:\university\metro\metro1\scalalr1\src\main\scala\example\Hello.scala. Using presentation compiler with project's scala-library version: 3.3.4
2025.03.04 22:48:25 INFO  no build target found for C:\university\metro\metro1\scalalr1\src\main\scala\example\Hello.scala. Using presentation compiler with project's scala-library version: 3.3.4
2025.03.04 22:48:27 INFO  no build target found for C:\university\metro\metro1\scalalr1\src\main\scala\example\Hello.scala. Using presentation compiler with project's scala-library version: 3.3.4
2025.03.04 22:48:34 INFO  no build target found for C:\university\metro\metro1\scalalr1\src\main\scala\example\Hello.scala. Using presentation compiler with project's scala-library version: 3.3.4
2025.03.04 22:48:34 INFO  no build target found for C:\university\metro\metro1\scalalr1\src\main\scala\example\Hello.scala. Using presentation compiler with project's scala-library version: 3.3.4
2025.03.04 22:48:34 INFO  no build target found for C:\university\metro\metro1\scalalr1\src\main\scala\example\Hello.scala. Using presentation compiler with project's scala-library version: 3.3.4
2025.03.04 22:48:34 INFO  no build target found for C:\university\metro\metro1\scalalr1\src\main\scala\example\Hello.scala. Using presentation compiler with project's scala-library version: 3.3.4
2025.03.04 22:48:36 INFO  no build target found for C:\university\metro\metro1\scalalr1\src\main\scala\example\Hello.scala. Using presentation compiler with project's scala-library version: 3.3.4
2025.03.04 22:48:36 INFO  no build target found for C:\university\metro\metro1\scalalr1\src\main\scala\example\Hello.scala. Using presentation compiler with project's scala-library version: 3.3.4
2025.03.04 22:48:36 INFO  no build target found for C:\university\metro\metro1\scalalr1\src\main\scala\example\Hello.scala. Using presentation compiler with project's scala-library version: 3.3.4
Mar 04, 2025 10:48:49 PM org.eclipse.lsp4j.jsonrpc.services.GenericEndpoint notify
WARNING: Unsupported notification method: metals/windowStateDidChange
Mar 04, 2025 10:48:55 PM org.eclipse.lsp4j.jsonrpc.services.GenericEndpoint notify
WARNING: Unsupported notification method: metals/windowStateDidChange
2025.03.04 22:49:01 INFO  no build target found for C:\university\metro\metro1\scalalr1\src\main\scala\example\Hello.scala. Using presentation compiler with project's scala-library version: 3.3.4
2025.03.04 22:49:07 INFO  no build target found for C:\university\metro\metro1\scalalr1\src\main\scala\example\Hello.scala. Using presentation compiler with project's scala-library version: 3.3.4
Mar 04, 2025 10:49:29 PM org.eclipse.lsp4j.jsonrpc.services.GenericEndpoint notify
WARNING: Unsupported notification method: metals/windowStateDidChange
Mar 04, 2025 10:49:54 PM org.eclipse.lsp4j.jsonrpc.services.GenericEndpoint notify
WARNING: Unsupported notification method: metals/windowStateDidChange
Mar 04, 2025 10:50:18 PM org.eclipse.lsp4j.jsonrpc.services.GenericEndpoint notify
WARNING: Unsupported notification method: metals/windowStateDidChange
Mar 04, 2025 10:50:18 PM org.eclipse.lsp4j.jsonrpc.services.GenericEndpoint notify
WARNING: Unsupported notification method: metals/windowStateDidChange
2025.03.04 22:50:47 INFO  no build target found for C:\university\metro\metro1\scalalr1\src\main\scala\example\Hello.scala. Using presentation compiler with project's scala-library version: 3.3.4
Mar 04, 2025 10:51:04 PM org.eclipse.lsp4j.jsonrpc.services.GenericEndpoint notify
WARNING: Unsupported notification method: metals/windowStateDidChange
Mar 04, 2025 10:51:06 PM org.eclipse.lsp4j.jsonrpc.services.GenericEndpoint notify
WARNING: Unsupported notification method: metals/windowStateDidChange
2025.03.04 22:51:07 WARN  no build target for: C:\university\metro\metro1\scalalr1\src\main\scala\example\Hello.scala
2025.03.04 22:51:07 INFO  no build target found for C:\university\metro\metro1\scalalr1\src\main\scala\example\Hello.scala. Using presentation compiler with project's scala-library version: 3.3.4
2025.03.04 22:51:07 INFO  no build target found for C:\university\metro\metro1\scalalr1\src\main\scala\example\Hello.scala. Using presentation compiler with project's scala-library version: 3.3.4
2025.03.04 22:51:08 INFO  no build target found for C:\university\metro\metro1\scalalr1\src\main\scala\example\Hello.scala. Using presentation compiler with project's scala-library version: 3.3.4
2025.03.04 22:51:08 INFO  no build target found for C:\university\metro\metro1\scalalr1\src\main\scala\example\Hello.scala. Using presentation compiler with project's scala-library version: 3.3.4
Mar 04, 2025 10:51:16 PM org.eclipse.lsp4j.jsonrpc.services.GenericEndpoint notify
WARNING: Unsupported notification method: metals/windowStateDidChange
Mar 04, 2025 10:51:58 PM org.eclipse.lsp4j.jsonrpc.services.GenericEndpoint notify
WARNING: Unsupported notification method: metals/windowStateDidChange
Mar 04, 2025 11:00:03 PM org.eclipse.lsp4j.jsonrpc.services.GenericEndpoint notify
WARNING: Unsupported notification method: metals/windowStateDidChange
Mar 04, 2025 11:00:03 PM org.eclipse.lsp4j.jsonrpc.services.GenericEndpoint notify
WARNING: Unsupported notification method: metals/windowStateDidChange
2025.03.04 23:00:03 INFO  no build target found for C:\university\metro\metro1\scalalr1\src\main\scala\example\Hello.scala. Using presentation compiler with project's scala-library version: 3.3.4
2025.03.04 23:00:09 INFO  no build target found for C:\university\metro\metro1\scalalr1\src\main\scala\example\Hello.scala. Using presentation compiler with project's scala-library version: 3.3.4
2025.03.04 23:00:14 INFO  no build target found for C:\university\metro\metro1\scalalr1\src\main\scala\example\Hello.scala. Using presentation compiler with project's scala-library version: 3.3.4
2025.03.04 23:00:14 INFO  Shutting down server
2025.03.04 23:00:14 INFO  shutting down Metals
2025.03.04 23:00:14 INFO  Exiting server
2025.03.04 23:00:14 ERROR Unexpected error initializing server: 
org.eclipse.lsp4j.jsonrpc.ResponseErrorException: Request window/showMessageRequest failed with message: Canceled
	at org.eclipse.lsp4j.jsonrpc.RemoteEndpoint.handleResponse(RemoteEndpoint.java:220)
	at org.eclipse.lsp4j.jsonrpc.RemoteEndpoint.consume(RemoteEndpoint.java:204)
	at org.eclipse.lsp4j.jsonrpc.json.StreamMessageProducer.handleMessage(StreamMessageProducer.java:185)
	at org.eclipse.lsp4j.jsonrpc.json.StreamMessageProducer.listen(StreamMessageProducer.java:97)
	at org.eclipse.lsp4j.jsonrpc.json.ConcurrentMessageProcessor.run(ConcurrentMessageProcessor.java:114)
	at java.util.concurrent.Executors$RunnableAdapter.call(Executors.java:539)
	at java.util.concurrent.FutureTask.run(FutureTask.java:264)
	at java.util.concurrent.ThreadPoolExecutor.runWorker(ThreadPoolExecutor.java:1136)
	at java.util.concurrent.ThreadPoolExecutor$Worker.run(ThreadPoolExecutor.java:635)
	at java.lang.Thread.run(Thread.java:840)

2025.03.05 11:08:33 INFO  Started: Metals version 1.5.1 in folders 'C:\university\metro\metro1\scalalr1' for client Visual Studio Code 1.97.2.
2025.03.05 11:08:35 INFO  no build target found for C:\university\metro\metro1\scalalr1\src\main\scala\example\Hello.scala. Using presentation compiler with project's scala-library version: 3.3.4
2025.03.05 11:08:41 INFO  no build target found for C:\university\metro\metro1\scalalr1\src\main\scala\example\Hello.scala. Using presentation compiler with project's scala-library version: 3.3.4
Mar 05, 2025 11:08:41 AM org.eclipse.lsp4j.jsonrpc.services.GenericEndpoint notify
WARNING: Unsupported notification method: metals/windowStateDidChange
Mar 05, 2025 11:10:25 AM org.eclipse.lsp4j.jsonrpc.services.GenericEndpoint notify
WARNING: Unsupported notification method: metals/windowStateDidChange
Mar 05, 2025 11:11:02 AM org.eclipse.lsp4j.jsonrpc.services.GenericEndpoint notify
WARNING: Unsupported notification method: metals/windowStateDidChange
Mar 05, 2025 11:11:36 AM org.eclipse.lsp4j.jsonrpc.services.GenericEndpoint notify
WARNING: Unsupported notification method: metals/windowStateDidChange
Mar 05, 2025 11:11:38 AM org.eclipse.lsp4j.jsonrpc.services.GenericEndpoint notify
WARNING: Unsupported notification method: metals/windowStateDidChange
Mar 05, 2025 11:11:55 AM org.eclipse.lsp4j.jsonrpc.services.GenericEndpoint notify
WARNING: Unsupported notification method: metals/windowStateDidChange
Mar 05, 2025 11:11:58 AM org.eclipse.lsp4j.jsonrpc.services.GenericEndpoint notify
WARNING: Unsupported notification method: metals/windowStateDidChange
Mar 05, 2025 11:11:58 AM org.eclipse.lsp4j.jsonrpc.services.GenericEndpoint notify
WARNING: Unsupported notification method: metals/windowStateDidChange
Mar 05, 2025 11:12:02 AM org.eclipse.lsp4j.jsonrpc.services.GenericEndpoint notify
WARNING: Unsupported notification method: metals/windowStateDidChange
Mar 05, 2025 11:12:04 AM org.eclipse.lsp4j.jsonrpc.services.GenericEndpoint notify
WARNING: Unsupported notification method: metals/windowStateDidChange
Mar 05, 2025 11:12:14 AM org.eclipse.lsp4j.jsonrpc.services.GenericEndpoint notify
WARNING: Unsupported notification method: metals/windowStateDidChange
Mar 05, 2025 11:12:18 AM org.eclipse.lsp4j.jsonrpc.services.GenericEndpoint notify
WARNING: Unsupported notification method: metals/windowStateDidChange
Mar 05, 2025 11:12:23 AM org.eclipse.lsp4j.jsonrpc.services.GenericEndpoint notify
WARNING: Unsupported notification method: metals/windowStateDidChange
Mar 05, 2025 11:13:18 AM org.eclipse.lsp4j.jsonrpc.services.GenericEndpoint notify
WARNING: Unsupported notification method: metals/windowStateDidChange
Mar 05, 2025 11:13:39 AM org.eclipse.lsp4j.jsonrpc.services.GenericEndpoint notify
WARNING: Unsupported notification method: metals/windowStateDidChange
Mar 05, 2025 11:14:49 AM org.eclipse.lsp4j.jsonrpc.services.GenericEndpoint notify
WARNING: Unsupported notification method: metals/windowStateDidChange
Mar 05, 2025 11:21:44 AM org.eclipse.lsp4j.jsonrpc.services.GenericEndpoint notify
WARNING: Unsupported notification method: metals/windowStateDidChange
2025.03.05 11:21:46 INFO  no build target found for C:\university\metro\metro1\scalalr1\src\main\scala\example\Hello.scala. Using presentation compiler with project's scala-library version: 3.3.4
Mar 05, 2025 11:21:47 AM org.eclipse.lsp4j.jsonrpc.RemoteEndpoint handleCancellation
WARNING: Unmatched cancel notification for request id 11
2025.03.05 11:21:46 INFO  no build target found for C:\university\metro\metro1\scalalr1\src\main\scala\example\Hello.scala. Using presentation compiler with project's scala-library version: 3.3.4
2025.03.05 11:21:49 INFO  no build target found for C:\university\metro\metro1\scalalr1\src\main\scala\example\Hello.scala. Using presentation compiler with project's scala-library version: 3.3.4
2025.03.05 11:21:49 INFO  no build target found for C:\university\metro\metro1\scalalr1\src\main\scala\example\Hello.scala. Using presentation compiler with project's scala-library version: 3.3.4
2025.03.05 11:21:51 INFO  no build target found for C:\university\metro\metro1\scalalr1\src\main\scala\example\Hello.scala. Using presentation compiler with project's scala-library version: 3.3.4
2025.03.05 11:21:51 INFO  no build target found for C:\university\metro\metro1\scalalr1\src\main\scala\example\Hello.scala. Using presentation compiler with project's scala-library version: 3.3.4
2025.03.05 11:21:54 INFO  no build target found for C:\university\metro\metro1\scalalr1\src\main\scala\example\Hello.scala. Using presentation compiler with project's scala-library version: 3.3.4
Mar 05, 2025 11:21:56 AM org.eclipse.lsp4j.jsonrpc.services.GenericEndpoint notify
WARNING: Unsupported notification method: metals/windowStateDidChange
Mar 05, 2025 11:22:54 AM org.eclipse.lsp4j.jsonrpc.services.GenericEndpoint notify
WARNING: Unsupported notification method: metals/windowStateDidChange
Mar 05, 2025 11:30:33 AM org.eclipse.lsp4j.jsonrpc.services.GenericEndpoint notify
WARNING: Unsupported notification method: metals/windowStateDidChange
Mar 05, 2025 11:30:34 AM org.eclipse.lsp4j.jsonrpc.services.GenericEndpoint notify
WARNING: Unsupported notification method: metals/windowStateDidChange
2025.03.05 11:30:34 INFO  no build target found for C:\university\metro\metro1\scalalr1\src\main\scala\example\Hello.scala. Using presentation compiler with project's scala-library version: 3.3.4
2025.03.05 11:30:36 INFO  no build target found for C:\university\metro\metro1\scalalr1\src\main\scala\example\Hello.scala. Using presentation compiler with project's scala-library version: 3.3.4
2025.03.05 11:30:36 INFO  no build target found for C:\university\metro\metro1\scalalr1\src\main\scala\example\Hello.scala. Using presentation compiler with project's scala-library version: 3.3.4
2025.03.05 11:30:36 INFO  no build target found for C:\university\metro\metro1\scalalr1\src\main\scala\example\Hello.scala. Using presentation compiler with project's scala-library version: 3.3.4
2025.03.05 11:30:37 WARN  no build target for: C:\university\metro\metro1\scalalr1\src\main\scala\example\Hello.scala
2025.03.05 11:30:37 INFO  no build target found for C:\university\metro\metro1\scalalr1\src\main\scala\example\Hello.scala. Using presentation compiler with project's scala-library version: 3.3.4
2025.03.05 11:30:37 INFO  no build target found for C:\university\metro\metro1\scalalr1\src\main\scala\example\Hello.scala. Using presentation compiler with project's scala-library version: 3.3.4
2025.03.05 11:30:38 WARN  no build target for: C:\university\metro\metro1\scalalr1\src\main\scala\example\Hello.scala
2025.03.05 11:30:37 INFO  no build target found for C:\university\metro\metro1\scalalr1\src\main\scala\example\Hello.scala. Using presentation compiler with project's scala-library version: 3.3.4
2025.03.05 11:30:40 INFO  no build target found for C:\university\metro\metro1\scalalr1\src\main\scala\example\Hello.scala. Using presentation compiler with project's scala-library version: 3.3.4
2025.03.05 11:30:42 INFO  no build target found for C:\university\metro\metro1\scalalr1\src\main\scala\example\Hello.scala. Using presentation compiler with project's scala-library version: 3.3.4
2025.03.05 11:30:42 INFO  no build target found for C:\university\metro\metro1\scalalr1\src\main\scala\example\Hello.scala. Using presentation compiler with project's scala-library version: 3.3.4
2025.03.05 11:30:44 INFO  no build target found for C:\university\metro\metro1\scalalr1\src\main\scala\example\Hello.scala. Using presentation compiler with project's scala-library version: 3.3.4
Mar 05, 2025 11:30:44 AM org.eclipse.lsp4j.jsonrpc.services.GenericEndpoint notify
WARNING: Unsupported notification method: metals/windowStateDidChange
Mar 05, 2025 11:31:44 AM org.eclipse.lsp4j.jsonrpc.services.GenericEndpoint notify
WARNING: Unsupported notification method: metals/windowStateDidChange
Mar 05, 2025 11:34:03 AM org.eclipse.lsp4j.jsonrpc.services.GenericEndpoint notify
WARNING: Unsupported notification method: metals/windowStateDidChange
Mar 05, 2025 11:34:04 AM org.eclipse.lsp4j.jsonrpc.services.GenericEndpoint notify
WARNING: Unsupported notification method: metals/windowStateDidChange
2025.03.05 11:34:04 INFO  no build target found for C:\university\metro\metro1\scalalr1\src\main\scala\example\Hello.scala. Using presentation compiler with project's scala-library version: 3.3.4
2025.03.05 11:34:04 INFO  no build target found for C:\university\metro\metro1\scalalr1\src\main\scala\example\Hello.scala. Using presentation compiler with project's scala-library version: 3.3.4
2025.03.05 11:34:05 INFO  no build target found for C:\university\metro\metro1\scalalr1\src\main\scala\example\Hello.scala. Using presentation compiler with project's scala-library version: 3.3.4
2025.03.05 11:34:05 INFO  no build target found for C:\university\metro\metro1\scalalr1\src\main\scala\example\Hello.scala. Using presentation compiler with project's scala-library version: 3.3.4
2025.03.05 11:34:07 INFO  no build target found for C:\university\metro\metro1\scalalr1\src\main\scala\example\Hello.scala. Using presentation compiler with project's scala-library version: 3.3.4
2025.03.05 11:34:08 INFO  no build target found for C:\university\metro\metro1\scalalr1\src\main\scala\example\Hello.scala. Using presentation compiler with project's scala-library version: 3.3.4
2025.03.05 11:34:09 WARN  no build target for: C:\university\metro\metro1\scalalr1\src\main\scala\example\Hello.scala
2025.03.05 11:34:09 INFO  no build target found for C:\university\metro\metro1\scalalr1\src\main\scala\example\Hello.scala. Using presentation compiler with project's scala-library version: 3.3.4
Mar 05, 2025 11:34:10 AM org.eclipse.lsp4j.jsonrpc.services.GenericEndpoint notify
WARNING: Unsupported notification method: metals/windowStateDidChange
Mar 05, 2025 11:35:16 AM org.eclipse.lsp4j.jsonrpc.services.GenericEndpoint notify
WARNING: Unsupported notification method: metals/windowStateDidChange
Mar 05, 2025 11:39:06 AM org.eclipse.lsp4j.jsonrpc.services.GenericEndpoint notify
WARNING: Unsupported notification method: metals/windowStateDidChange
2025.03.05 11:39:06 INFO  no build target found for C:\university\metro\metro1\scalalr1\src\main\scala\example\Hello.scala. Using presentation compiler with project's scala-library version: 3.3.4
Mar 05, 2025 11:39:07 AM org.eclipse.lsp4j.jsonrpc.services.GenericEndpoint notify
WARNING: Unsupported notification method: metals/windowStateDidChange
2025.03.05 11:39:06 INFO  no build target found for C:\university\metro\metro1\scalalr1\src\main\scala\example\Hello.scala. Using presentation compiler with project's scala-library version: 3.3.4
2025.03.05 11:39:07 INFO  no build target found for C:\university\metro\metro1\scalalr1\src\main\scala\example\Hello.scala. Using presentation compiler with project's scala-library version: 3.3.4
Mar 05, 2025 11:39:09 AM org.eclipse.lsp4j.jsonrpc.services.GenericEndpoint notify
WARNING: Unsupported notification method: metals/windowStateDidChange
Mar 05, 2025 11:40:18 AM org.eclipse.lsp4j.jsonrpc.services.GenericEndpoint notify
WARNING: Unsupported notification method: metals/windowStateDidChange
Mar 05, 2025 11:43:21 AM org.eclipse.lsp4j.jsonrpc.services.GenericEndpoint notify
WARNING: Unsupported notification method: metals/windowStateDidChange
Mar 05, 2025 11:43:21 AM org.eclipse.lsp4j.jsonrpc.services.GenericEndpoint notify
WARNING: Unsupported notification method: metals/windowStateDidChange
2025.03.05 11:43:22 INFO  no build target found for C:\university\metro\metro1\scalalr1\src\main\scala\example\Hello.scala. Using presentation compiler with project's scala-library version: 3.3.4
2025.03.05 11:43:22 INFO  no build target found for C:\university\metro\metro1\scalalr1\src\main\scala\example\Hello.scala. Using presentation compiler with project's scala-library version: 3.3.4
Mar 05, 2025 11:43:23 AM org.eclipse.lsp4j.jsonrpc.services.GenericEndpoint notify
WARNING: Unsupported notification method: metals/windowStateDidChange
Mar 05, 2025 11:44:33 AM org.eclipse.lsp4j.jsonrpc.services.GenericEndpoint notify
WARNING: Unsupported notification method: metals/windowStateDidChange
Mar 05, 2025 11:46:29 AM org.eclipse.lsp4j.jsonrpc.services.GenericEndpoint notify
WARNING: Unsupported notification method: metals/windowStateDidChange
Mar 05, 2025 11:46:30 AM org.eclipse.lsp4j.jsonrpc.services.GenericEndpoint notify
WARNING: Unsupported notification method: metals/windowStateDidChange
Mar 05, 2025 11:46:37 AM org.eclipse.lsp4j.jsonrpc.services.GenericEndpoint notify
WARNING: Unsupported notification method: metals/windowStateDidChange
Mar 05, 2025 11:47:40 AM org.eclipse.lsp4j.jsonrpc.services.GenericEndpoint notify
WARNING: Unsupported notification method: metals/windowStateDidChange
2025.03.05 17:47:44 INFO  Started: Metals version 1.5.1 in folders 'C:\university\metro\metro1\scalalr1' for client Visual Studio Code 1.97.2.
2025.03.05 17:47:48 INFO  no build target found for C:\university\metro\metro1\scalalr1\src\main\scala\example\Hello.scala. Using presentation compiler with project's scala-library version: 3.3.4
2025.03.05 17:47:52 INFO  no build target found for C:\university\metro\metro1\scalalr1\src\main\scala\example\Hello.scala. Using presentation compiler with project's scala-library version: 3.3.4
Mar 05, 2025 5:48:13 PM org.eclipse.lsp4j.jsonrpc.services.GenericEndpoint notify
WARNING: Unsupported notification method: metals/windowStateDidChange
2025.03.05 17:48:14 INFO  no build target found for C:\university\metro\metro1\scalalr1\src\main\scala\example\Hello.scala. Using presentation compiler with project's scala-library version: 3.3.4
2025.03.05 17:48:14 INFO  no build target found for C:\university\metro\metro1\scalalr1\src\main\scala\example\Hello.scala. Using presentation compiler with project's scala-library version: 3.3.4
2025.03.05 17:48:15 INFO  no build target found for C:\university\metro\metro1\scalalr1\src\main\scala\example\Hello.scala. Using presentation compiler with project's scala-library version: 3.3.4
Mar 05, 2025 5:48:15 PM org.eclipse.lsp4j.jsonrpc.services.GenericEndpoint notify
WARNING: Unsupported notification method: metals/windowStateDidChange
Mar 05, 2025 5:48:59 PM org.eclipse.lsp4j.jsonrpc.services.GenericEndpoint notify
WARNING: Unsupported notification method: metals/windowStateDidChange
Mar 05, 2025 5:49:11 PM org.eclipse.lsp4j.jsonrpc.services.GenericEndpoint notify
WARNING: Unsupported notification method: metals/windowStateDidChange
Mar 05, 2025 5:49:11 PM org.eclipse.lsp4j.jsonrpc.services.GenericEndpoint notify
WARNING: Unsupported notification method: metals/windowStateDidChange
2025.03.05 17:49:12 INFO  no build target found for C:\university\metro\metro1\scalalr1\src\main\scala\example\Hello.scala. Using presentation compiler with project's scala-library version: 3.3.4
Mar 05, 2025 5:49:13 PM org.eclipse.lsp4j.jsonrpc.services.GenericEndpoint notify
WARNING: Unsupported notification method: metals/windowStateDidChange
Mar 05, 2025 5:50:23 PM org.eclipse.lsp4j.jsonrpc.services.GenericEndpoint notify
WARNING: Unsupported notification method: metals/windowStateDidChange
Mar 05, 2025 5:51:11 PM org.eclipse.lsp4j.jsonrpc.services.GenericEndpoint notify
WARNING: Unsupported notification method: metals/windowStateDidChange
Mar 05, 2025 5:51:11 PM org.eclipse.lsp4j.jsonrpc.services.GenericEndpoint notify
WARNING: Unsupported notification method: metals/windowStateDidChange
2025.03.05 17:51:12 INFO  no build target found for C:\university\metro\metro1\scalalr1\src\main\scala\example\Hello.scala. Using presentation compiler with project's scala-library version: 3.3.4
2025.03.05 17:51:12 INFO  no build target found for C:\university\metro\metro1\scalalr1\src\main\scala\example\Hello.scala. Using presentation compiler with project's scala-library version: 3.3.4
Mar 05, 2025 5:51:14 PM org.eclipse.lsp4j.jsonrpc.services.GenericEndpoint notify
WARNING: Unsupported notification method: metals/windowStateDidChange
Mar 05, 2025 5:51:18 PM org.eclipse.lsp4j.jsonrpc.services.GenericEndpoint notify
WARNING: Unsupported notification method: metals/windowStateDidChange
Mar 05, 2025 5:51:19 PM org.eclipse.lsp4j.jsonrpc.services.GenericEndpoint notify
WARNING: Unsupported notification method: metals/windowStateDidChange
Mar 05, 2025 5:52:22 PM org.eclipse.lsp4j.jsonrpc.services.GenericEndpoint notify
WARNING: Unsupported notification method: metals/windowStateDidChange
Mar 05, 2025 6:26:25 PM org.eclipse.lsp4j.jsonrpc.services.GenericEndpoint notify
WARNING: Unsupported notification method: metals/windowStateDidChange
Mar 05, 2025 6:26:26 PM org.eclipse.lsp4j.jsonrpc.services.GenericEndpoint notify
WARNING: Unsupported notification method: metals/windowStateDidChange
2025.03.05 18:26:27 INFO  no build target found for C:\university\metro\metro1\scalalr1\src\main\scala\example\Hello.scala. Using presentation compiler with project's scala-library version: 3.3.4
Mar 05, 2025 6:26:27 PM org.eclipse.lsp4j.jsonrpc.services.GenericEndpoint notify
WARNING: Unsupported notification method: metals/windowStateDidChange
Mar 05, 2025 6:27:36 PM org.eclipse.lsp4j.jsonrpc.services.GenericEndpoint notify
WARNING: Unsupported notification method: metals/windowStateDidChange
Mar 05, 2025 6:30:14 PM org.eclipse.lsp4j.jsonrpc.services.GenericEndpoint notify
WARNING: Unsupported notification method: metals/windowStateDidChange
Mar 05, 2025 6:30:15 PM org.eclipse.lsp4j.jsonrpc.services.GenericEndpoint notify
WARNING: Unsupported notification method: metals/windowStateDidChange
2025.03.05 18:30:15 INFO  no build target found for C:\university\metro\metro1\scalalr1\src\main\scala\example\Hello.scala. Using presentation compiler with project's scala-library version: 3.3.4
Mar 05, 2025 6:30:16 PM org.eclipse.lsp4j.jsonrpc.services.GenericEndpoint notify
WARNING: Unsupported notification method: metals/windowStateDidChange
Mar 05, 2025 6:31:27 PM org.eclipse.lsp4j.jsonrpc.services.GenericEndpoint notify
WARNING: Unsupported notification method: metals/windowStateDidChange
Mar 05, 2025 6:31:36 PM org.eclipse.lsp4j.jsonrpc.services.GenericEndpoint notify
WARNING: Unsupported notification method: metals/windowStateDidChange
2025.03.05 18:31:37 INFO  no build target found for C:\university\metro\metro1\scalalr1\src\main\scala\example\Hello.scala. Using presentation compiler with project's scala-library version: 3.3.4
Mar 05, 2025 6:31:37 PM org.eclipse.lsp4j.jsonrpc.services.GenericEndpoint notify
WARNING: Unsupported notification method: metals/windowStateDidChange
2025.03.05 18:31:37 INFO  no build target found for C:\university\metro\metro1\scalalr1\src\main\scala\example\Hello.scala. Using presentation compiler with project's scala-library version: 3.3.4
2025.03.05 18:31:37 INFO  no build target found for C:\university\metro\metro1\scalalr1\src\main\scala\example\Hello.scala. Using presentation compiler with project's scala-library version: 3.3.4
2025.03.05 18:31:37 INFO  no build target found for C:\university\metro\metro1\scalalr1\src\main\scala\example\Hello.scala. Using presentation compiler with project's scala-library version: 3.3.4
2025.03.05 18:31:38 INFO  no build target found for C:\university\metro\metro1\scalalr1\src\main\scala\example\Hello.scala. Using presentation compiler with project's scala-library version: 3.3.4
2025.03.05 18:31:38 INFO  no build target found for C:\university\metro\metro1\scalalr1\src\main\scala\example\Hello.scala. Using presentation compiler with project's scala-library version: 3.3.4
Mar 05, 2025 6:31:39 PM org.eclipse.lsp4j.jsonrpc.services.GenericEndpoint notify
WARNING: Unsupported notification method: metals/windowStateDidChange
Mar 05, 2025 6:32:48 PM org.eclipse.lsp4j.jsonrpc.services.GenericEndpoint notify
WARNING: Unsupported notification method: metals/windowStateDidChange
Mar 05, 2025 7:01:28 PM org.eclipse.lsp4j.jsonrpc.services.GenericEndpoint notify
WARNING: Unsupported notification method: metals/windowStateDidChange
2025.03.05 19:01:29 INFO  no build target found for C:\university\metro\metro1\scalalr1\src\main\scala\example\Hello.scala. Using presentation compiler with project's scala-library version: 3.3.4
Mar 05, 2025 7:01:29 PM org.eclipse.lsp4j.jsonrpc.services.GenericEndpoint notify
WARNING: Unsupported notification method: metals/windowStateDidChange
2025.03.05 19:01:29 INFO  no build target found for C:\university\metro\metro1\scalalr1\src\main\scala\example\Hello.scala. Using presentation compiler with project's scala-library version: 3.3.4
2025.03.05 19:01:29 INFO  no build target found for C:\university\metro\metro1\scalalr1\src\main\scala\example\Hello.scala. Using presentation compiler with project's scala-library version: 3.3.4
2025.03.05 19:01:29 INFO  no build target found for C:\university\metro\metro1\scalalr1\src\main\scala\example\Hello.scala. Using presentation compiler with project's scala-library version: 3.3.4
2025.03.05 19:01:30 INFO  no build target found for C:\university\metro\metro1\scalalr1\src\main\scala\example\Hello.scala. Using presentation compiler with project's scala-library version: 3.3.4
Mar 05, 2025 7:01:32 PM org.eclipse.lsp4j.jsonrpc.services.GenericEndpoint notify
WARNING: Unsupported notification method: metals/windowStateDidChange
Mar 05, 2025 7:02:41 PM org.eclipse.lsp4j.jsonrpc.services.GenericEndpoint notify
WARNING: Unsupported notification method: metals/windowStateDidChange
Mar 05, 2025 7:02:51 PM org.eclipse.lsp4j.jsonrpc.services.GenericEndpoint notify
WARNING: Unsupported notification method: metals/windowStateDidChange
Mar 05, 2025 7:02:52 PM org.eclipse.lsp4j.jsonrpc.services.GenericEndpoint notify
WARNING: Unsupported notification method: metals/windowStateDidChange
2025.03.05 19:02:52 INFO  no build target found for C:\university\metro\metro1\scalalr1\src\main\scala\example\Hello.scala. Using presentation compiler with project's scala-library version: 3.3.4
2025.03.05 19:02:52 INFO  no build target found for C:\university\metro\metro1\scalalr1\src\main\scala\example\Hello.scala. Using presentation compiler with project's scala-library version: 3.3.4
Mar 05, 2025 7:02:53 PM org.eclipse.lsp4j.jsonrpc.services.GenericEndpoint notify
WARNING: Unsupported notification method: metals/windowStateDidChange
Mar 05, 2025 7:04:02 PM org.eclipse.lsp4j.jsonrpc.services.GenericEndpoint notify
WARNING: Unsupported notification method: metals/windowStateDidChange
Mar 05, 2025 7:05:30 PM org.eclipse.lsp4j.jsonrpc.services.GenericEndpoint notify
WARNING: Unsupported notification method: metals/windowStateDidChange
Mar 05, 2025 7:05:31 PM org.eclipse.lsp4j.jsonrpc.services.GenericEndpoint notify
WARNING: Unsupported notification method: metals/windowStateDidChange
2025.03.05 19:05:31 INFO  no build target found for C:\university\metro\metro1\scalalr1\src\main\scala\example\Hello.scala. Using presentation compiler with project's scala-library version: 3.3.4
Mar 05, 2025 7:05:32 PM org.eclipse.lsp4j.jsonrpc.services.GenericEndpoint notify
WARNING: Unsupported notification method: metals/windowStateDidChange
Mar 05, 2025 7:06:42 PM org.eclipse.lsp4j.jsonrpc.services.GenericEndpoint notify
WARNING: Unsupported notification method: metals/windowStateDidChange
Mar 05, 2025 7:15:28 PM org.eclipse.lsp4j.jsonrpc.services.GenericEndpoint notify
WARNING: Unsupported notification method: metals/windowStateDidChange
Mar 05, 2025 7:15:28 PM org.eclipse.lsp4j.jsonrpc.services.GenericEndpoint notify
WARNING: Unsupported notification method: metals/windowStateDidChange
2025.03.05 19:15:30 INFO  no build target found for C:\university\metro\metro1\scalalr1\src\main\scala\example\Hello.scala. Using presentation compiler with project's scala-library version: 3.3.4
2025.03.05 19:15:30 INFO  no build target found for C:\university\metro\metro1\scalalr1\src\main\scala\example\Hello.scala. Using presentation compiler with project's scala-library version: 3.3.4
2025.03.05 19:15:30 INFO  no build target found for C:\university\metro\metro1\scalalr1\src\main\scala\example\Hello.scala. Using presentation compiler with project's scala-library version: 3.3.4
2025.03.05 19:15:30 INFO  no build target found for C:\university\metro\metro1\scalalr1\src\main\scala\example\Hello.scala. Using presentation compiler with project's scala-library version: 3.3.4
2025.03.05 19:15:31 WARN  no build target for: C:\university\metro\metro1\scalalr1\src\main\scala\example\Hello.scala
2025.03.05 19:15:31 INFO  no build target found for C:\university\metro\metro1\scalalr1\src\main\scala\example\Hello.scala. Using presentation compiler with project's scala-library version: 3.3.4
2025.03.05 19:15:31 INFO  no build target found for C:\university\metro\metro1\scalalr1\src\main\scala\example\Hello.scala. Using presentation compiler with project's scala-library version: 3.3.4
2025.03.05 19:15:32 INFO  no build target found for C:\university\metro\metro1\scalalr1\src\main\scala\example\Hello.scala. Using presentation compiler with project's scala-library version: 3.3.4
2025.03.05 19:15:32 INFO  no build target found for C:\university\metro\metro1\scalalr1\src\main\scala\example\Hello.scala. Using presentation compiler with project's scala-library version: 3.3.4
2025.03.05 19:15:32 INFO  no build target found for C:\university\metro\metro1\scalalr1\src\main\scala\example\Hello.scala. Using presentation compiler with project's scala-library version: 3.3.4
2025.03.05 19:15:33 WARN  no build target for: C:\university\metro\metro1\scalalr1\src\main\scala\example\Hello.scala
2025.03.05 19:15:33 INFO  no build target found for C:\university\metro\metro1\scalalr1\src\main\scala\example\Hello.scala. Using presentation compiler with project's scala-library version: 3.3.4
2025.03.05 19:15:33 INFO  no build target found for C:\university\metro\metro1\scalalr1\src\main\scala\example\Hello.scala. Using presentation compiler with project's scala-library version: 3.3.4
Mar 05, 2025 7:15:34 PM org.eclipse.lsp4j.jsonrpc.services.GenericEndpoint notify
WARNING: Unsupported notification method: metals/windowStateDidChange
Mar 05, 2025 7:16:40 PM org.eclipse.lsp4j.jsonrpc.services.GenericEndpoint notify
WARNING: Unsupported notification method: metals/windowStateDidChange
Mar 05, 2025 7:18:06 PM org.eclipse.lsp4j.jsonrpc.services.GenericEndpoint notify
WARNING: Unsupported notification method: metals/windowStateDidChange
Mar 05, 2025 7:18:07 PM org.eclipse.lsp4j.jsonrpc.services.GenericEndpoint notify
WARNING: Unsupported notification method: metals/windowStateDidChange
2025.03.05 19:18:07 INFO  no build target found for C:\university\metro\metro1\scalalr1\src\main\scala\example\Hello.scala. Using presentation compiler with project's scala-library version: 3.3.4
2025.03.05 19:18:07 INFO  no build target found for C:\university\metro\metro1\scalalr1\src\main\scala\example\Hello.scala. Using presentation compiler with project's scala-library version: 3.3.4
2025.03.05 19:18:09 INFO  no build target found for C:\university\metro\metro1\scalalr1\src\main\scala\example\Hello.scala. Using presentation compiler with project's scala-library version: 3.3.4
2025.03.05 19:18:09 INFO  no build target found for C:\university\metro\metro1\scalalr1\src\main\scala\example\Hello.scala. Using presentation compiler with project's scala-library version: 3.3.4
2025.03.05 19:18:10 WARN  no build target for: C:\university\metro\metro1\scalalr1\src\main\scala\example\Hello.scala
2025.03.05 19:18:10 INFO  no build target found for C:\university\metro\metro1\scalalr1\src\main\scala\example\Hello.scala. Using presentation compiler with project's scala-library version: 3.3.4
2025.03.05 19:18:10 INFO  no build target found for C:\university\metro\metro1\scalalr1\src\main\scala\example\Hello.scala. Using presentation compiler with project's scala-library version: 3.3.4
2025.03.05 19:18:11 INFO  no build target found for C:\university\metro\metro1\scalalr1\src\main\scala\example\Hello.scala. Using presentation compiler with project's scala-library version: 3.3.4
2025.03.05 19:18:11 INFO  no build target found for C:\university\metro\metro1\scalalr1\src\main\scala\example\Hello.scala. Using presentation compiler with project's scala-library version: 3.3.4
Mar 05, 2025 7:18:11 PM org.eclipse.lsp4j.jsonrpc.services.GenericEndpoint notify
WARNING: Unsupported notification method: metals/windowStateDidChange
2025.03.05 19:18:12 WARN  no build target for: C:\university\metro\metro1\scalalr1\src\main\scala\example\Hello.scala
2025.03.05 19:18:12 INFO  no build target found for C:\university\metro\metro1\scalalr1\src\main\scala\example\Hello.scala. Using presentation compiler with project's scala-library version: 3.3.4
2025.03.05 19:18:12 INFO  no build target found for C:\university\metro\metro1\scalalr1\src\main\scala\example\Hello.scala. Using presentation compiler with project's scala-library version: 3.3.4
Mar 05, 2025 7:18:15 PM org.eclipse.lsp4j.jsonrpc.services.GenericEndpoint notify
WARNING: Unsupported notification method: metals/windowStateDidChange
Mar 05, 2025 7:18:20 PM org.eclipse.lsp4j.jsonrpc.services.GenericEndpoint notify
WARNING: Unsupported notification method: metals/windowStateDidChange
Mar 05, 2025 7:19:17 PM org.eclipse.lsp4j.jsonrpc.services.GenericEndpoint notify
WARNING: Unsupported notification method: metals/windowStateDidChange
Mar 05, 2025 7:19:43 PM org.eclipse.lsp4j.jsonrpc.services.GenericEndpoint notify
WARNING: Unsupported notification method: metals/windowStateDidChange
Mar 05, 2025 7:19:43 PM org.eclipse.lsp4j.jsonrpc.services.GenericEndpoint notify
WARNING: Unsupported notification method: metals/windowStateDidChange
2025.03.05 19:19:44 INFO  no build target found for C:\university\metro\metro1\scalalr1\src\main\scala\example\Hello.scala. Using presentation compiler with project's scala-library version: 3.3.4
Mar 05, 2025 7:19:45 PM org.eclipse.lsp4j.jsonrpc.services.GenericEndpoint notify
WARNING: Unsupported notification method: metals/windowStateDidChange
Mar 05, 2025 7:20:55 PM org.eclipse.lsp4j.jsonrpc.services.GenericEndpoint notify
WARNING: Unsupported notification method: metals/windowStateDidChange
Mar 05, 2025 7:27:01 PM org.eclipse.lsp4j.jsonrpc.services.GenericEndpoint notify
WARNING: Unsupported notification method: metals/windowStateDidChange
Mar 05, 2025 7:27:01 PM org.eclipse.lsp4j.jsonrpc.services.GenericEndpoint notify
WARNING: Unsupported notification method: metals/windowStateDidChange
2025.03.05 19:27:02 INFO  no build target found for C:\university\metro\metro1\scalalr1\src\main\scala\example\Hello.scala. Using presentation compiler with project's scala-library version: 3.3.4
2025.03.05 19:27:02 INFO  no build target found for C:\university\metro\metro1\scalalr1\src\main\scala\example\Hello.scala. Using presentation compiler with project's scala-library version: 3.3.4
Mar 05, 2025 7:27:03 PM org.eclipse.lsp4j.jsonrpc.services.GenericEndpoint notify
WARNING: Unsupported notification method: metals/windowStateDidChange
Mar 05, 2025 7:28:11 PM org.eclipse.lsp4j.jsonrpc.services.GenericEndpoint notify
WARNING: Unsupported notification method: metals/windowStateDidChange
Mar 05, 2025 7:29:41 PM org.eclipse.lsp4j.jsonrpc.services.GenericEndpoint notify
WARNING: Unsupported notification method: metals/windowStateDidChange
Mar 05, 2025 7:29:42 PM org.eclipse.lsp4j.jsonrpc.services.GenericEndpoint notify
WARNING: Unsupported notification method: metals/windowStateDidChange
Mar 05, 2025 7:29:43 PM org.eclipse.lsp4j.jsonrpc.services.GenericEndpoint notify
WARNING: Unsupported notification method: metals/windowStateDidChange
Mar 05, 2025 7:29:43 PM org.eclipse.lsp4j.jsonrpc.services.GenericEndpoint notify
WARNING: Unsupported notification method: metals/windowStateDidChange
2025.03.05 19:29:43 INFO  no build target found for C:\university\metro\metro1\scalalr1\src\main\scala\example\Hello.scala. Using presentation compiler with project's scala-library version: 3.3.4
2025.03.05 19:29:43 INFO  no build target found for C:\university\metro\metro1\scalalr1\src\main\scala\example\Hello.scala. Using presentation compiler with project's scala-library version: 3.3.4
2025.03.05 19:29:43 INFO  no build target found for C:\university\metro\metro1\scalalr1\src\main\scala\example\Hello.scala. Using presentation compiler with project's scala-library version: 3.3.4
2025.03.05 19:29:45 INFO  no build target found for C:\university\metro\metro1\scalalr1\src\main\scala\example\Hello.scala. Using presentation compiler with project's scala-library version: 3.3.4
Mar 05, 2025 7:29:45 PM org.eclipse.lsp4j.jsonrpc.services.GenericEndpoint notify
WARNING: Unsupported notification method: metals/windowStateDidChange
Mar 05, 2025 7:30:26 PM org.eclipse.lsp4j.jsonrpc.services.GenericEndpoint notify
WARNING: Unsupported notification method: metals/windowStateDidChange
2025.03.05 19:30:27 INFO  no build target found for C:\university\metro\metro1\scalalr1\src\main\scala\example\Hello.scala. Using presentation compiler with project's scala-library version: 3.3.4
Mar 05, 2025 7:30:28 PM org.eclipse.lsp4j.jsonrpc.services.GenericEndpoint notify
WARNING: Unsupported notification method: metals/windowStateDidChange
Mar 05, 2025 7:31:25 PM org.eclipse.lsp4j.jsonrpc.services.GenericEndpoint notify
WARNING: Unsupported notification method: metals/windowStateDidChange
Mar 05, 2025 7:56:15 PM org.eclipse.lsp4j.jsonrpc.services.GenericEndpoint notify
WARNING: Unsupported notification method: metals/windowStateDidChange
Mar 05, 2025 7:56:16 PM org.eclipse.lsp4j.jsonrpc.services.GenericEndpoint notify
WARNING: Unsupported notification method: metals/windowStateDidChange
2025.03.05 19:56:16 INFO  no build target found for C:\university\metro\metro1\scalalr1\src\main\scala\example\Hello.scala. Using presentation compiler with project's scala-library version: 3.3.4
2025.03.05 19:56:16 INFO  no build target found for C:\university\metro\metro1\scalalr1\src\main\scala\example\Hello.scala. Using presentation compiler with project's scala-library version: 3.3.4
Mar 05, 2025 7:56:17 PM org.eclipse.lsp4j.jsonrpc.services.GenericEndpoint notify
WARNING: Unsupported notification method: metals/windowStateDidChange
Mar 05, 2025 7:57:06 PM org.eclipse.lsp4j.jsonrpc.services.GenericEndpoint notify
WARNING: Unsupported notification method: metals/windowStateDidChange
2025.03.05 19:57:07 INFO  no build target found for C:\university\metro\metro1\scalalr1\src\main\scala\example\Hello.scala. Using presentation compiler with project's scala-library version: 3.3.4
Mar 05, 2025 7:57:08 PM org.eclipse.lsp4j.jsonrpc.services.GenericEndpoint notify
WARNING: Unsupported notification method: metals/windowStateDidChange
Mar 05, 2025 7:57:57 PM org.eclipse.lsp4j.jsonrpc.services.GenericEndpoint notify
WARNING: Unsupported notification method: metals/windowStateDidChange
Mar 05, 2025 8:04:59 PM org.eclipse.lsp4j.jsonrpc.services.GenericEndpoint notify
WARNING: Unsupported notification method: metals/windowStateDidChange
Mar 05, 2025 8:05:00 PM org.eclipse.lsp4j.jsonrpc.services.GenericEndpoint notify
WARNING: Unsupported notification method: metals/windowStateDidChange
Mar 05, 2025 8:05:01 PM org.eclipse.lsp4j.jsonrpc.services.GenericEndpoint notify
WARNING: Unsupported notification method: metals/windowStateDidChange
Mar 05, 2025 8:05:03 PM org.eclipse.lsp4j.jsonrpc.services.GenericEndpoint notify
WARNING: Unsupported notification method: metals/windowStateDidChange
Mar 05, 2025 8:14:19 PM org.eclipse.lsp4j.jsonrpc.services.GenericEndpoint notify
WARNING: Unsupported notification method: metals/windowStateDidChange
Mar 05, 2025 8:14:19 PM org.eclipse.lsp4j.jsonrpc.services.GenericEndpoint notify
WARNING: Unsupported notification method: metals/windowStateDidChange
2025.03.05 20:14:19 INFO  no build target found for C:\university\metro\metro1\scalalr1\src\main\scala\example\Hello.scala. Using presentation compiler with project's scala-library version: 3.3.4
2025.03.05 20:14:19 INFO  no build target found for C:\university\metro\metro1\scalalr1\src\main\scala\example\Hello.scala. Using presentation compiler with project's scala-library version: 3.3.4
2025.03.05 20:14:19 INFO  no build target found for C:\university\metro\metro1\scalalr1\src\main\scala\example\Hello.scala. Using presentation compiler with project's scala-library version: 3.3.4
2025.03.05 20:14:19 INFO  no build target found for C:\university\metro\metro1\scalalr1\src\main\scala\example\Hello.scala. Using presentation compiler with project's scala-library version: 3.3.4
2025.03.05 20:14:21 WARN  no build target for: C:\university\metro\metro1\scalalr1\src\main\scala\example\Hello.scala
2025.03.05 20:14:21 INFO  no build target found for C:\university\metro\metro1\scalalr1\src\main\scala\example\Hello.scala. Using presentation compiler with project's scala-library version: 3.3.4
2025.03.05 20:14:21 INFO  no build target found for C:\university\metro\metro1\scalalr1\src\main\scala\example\Hello.scala. Using presentation compiler with project's scala-library version: 3.3.4
2025.03.05 20:14:21 INFO  no build target found for C:\university\metro\metro1\scalalr1\src\main\scala\example\Hello.scala. Using presentation compiler with project's scala-library version: 3.3.4
2025.03.05 20:14:21 INFO  no build target found for C:\university\metro\metro1\scalalr1\src\main\scala\example\Hello.scala. Using presentation compiler with project's scala-library version: 3.3.4
2025.03.05 20:14:23 INFO  no build target found for C:\university\metro\metro1\scalalr1\src\main\scala\example\Hello.scala. Using presentation compiler with project's scala-library version: 3.3.4
Mar 05, 2025 8:14:24 PM org.eclipse.lsp4j.jsonrpc.services.GenericEndpoint notify
WARNING: Unsupported notification method: metals/windowStateDidChange
Mar 05, 2025 8:15:31 PM org.eclipse.lsp4j.jsonrpc.services.GenericEndpoint notify
WARNING: Unsupported notification method: metals/windowStateDidChange
Mar 05, 2025 8:25:12 PM org.eclipse.lsp4j.jsonrpc.services.GenericEndpoint notify
WARNING: Unsupported notification method: metals/windowStateDidChange
Mar 05, 2025 8:25:12 PM org.eclipse.lsp4j.jsonrpc.services.GenericEndpoint notify
WARNING: Unsupported notification method: metals/windowStateDidChange
2025.03.05 20:25:13 INFO  no build target found for C:\university\metro\metro1\scalalr1\src\main\scala\example\Hello.scala. Using presentation compiler with project's scala-library version: 3.3.4
2025.03.05 20:25:13 INFO  no build target found for C:\university\metro\metro1\scalalr1\src\main\scala\example\Hello.scala. Using presentation compiler with project's scala-library version: 3.3.4
Mar 05, 2025 8:25:14 PM org.eclipse.lsp4j.jsonrpc.services.GenericEndpoint notify
WARNING: Unsupported notification method: metals/windowStateDidChange
Mar 05, 2025 8:25:40 PM org.eclipse.lsp4j.jsonrpc.services.GenericEndpoint notify
WARNING: Unsupported notification method: metals/windowStateDidChange
2025.03.05 20:25:40 INFO  no build target found for C:\university\metro\metro1\scalalr1\src\main\scala\example\Hello.scala. Using presentation compiler with project's scala-library version: 3.3.4
2025.03.05 20:25:40 INFO  no build target found for C:\university\metro\metro1\scalalr1\src\main\scala\example\Hello.scala. Using presentation compiler with project's scala-library version: 3.3.4
Mar 05, 2025 8:25:42 PM org.eclipse.lsp4j.jsonrpc.services.GenericEndpoint notify
WARNING: Unsupported notification method: metals/windowStateDidChange
Mar 05, 2025 8:26:24 PM org.eclipse.lsp4j.jsonrpc.services.GenericEndpoint notify
WARNING: Unsupported notification method: metals/windowStateDidChange
Mar 05, 2025 8:39:03 PM org.eclipse.lsp4j.jsonrpc.services.GenericEndpoint notify
WARNING: Unsupported notification method: metals/windowStateDidChange
Mar 05, 2025 8:39:04 PM org.eclipse.lsp4j.jsonrpc.services.GenericEndpoint notify
WARNING: Unsupported notification method: metals/windowStateDidChange
2025.03.05 20:39:04 INFO  no build target found for C:\university\metro\metro1\scalalr1\src\main\scala\example\Hello.scala. Using presentation compiler with project's scala-library version: 3.3.4
2025.03.05 20:39:29 INFO  no build target found for C:\university\metro\metro1\scalalr1\src\main\scala\example\Hello.scala. Using presentation compiler with project's scala-library version: 3.3.4
Mar 05, 2025 8:40:14 PM org.eclipse.lsp4j.jsonrpc.services.GenericEndpoint notify
WARNING: Unsupported notification method: metals/windowStateDidChange
Mar 05, 2025 8:40:23 PM org.eclipse.lsp4j.jsonrpc.services.GenericEndpoint notify
WARNING: Unsupported notification method: metals/windowStateDidChange
Mar 05, 2025 8:53:21 PM org.eclipse.lsp4j.jsonrpc.services.GenericEndpoint notify
WARNING: Unsupported notification method: metals/windowStateDidChange
Mar 05, 2025 8:53:22 PM org.eclipse.lsp4j.jsonrpc.services.GenericEndpoint notify
WARNING: Unsupported notification method: metals/windowStateDidChange
2025.03.05 20:53:22 INFO  no build target found for C:\university\metro\metro1\scalalr1\src\main\scala\example\Hello.scala. Using presentation compiler with project's scala-library version: 3.3.4
2025.03.05 20:53:23 WARN  no build target for: C:\university\metro\metro1\scalalr1\src\main\scala\example\Hello.scala
2025.03.05 20:53:23 INFO  no build target found for C:\university\metro\metro1\scalalr1\src\main\scala\example\Hello.scala. Using presentation compiler with project's scala-library version: 3.3.4
2025.03.05 20:53:23 INFO  no build target found for C:\university\metro\metro1\scalalr1\src\main\scala\example\Hello.scala. Using presentation compiler with project's scala-library version: 3.3.4
2025.03.05 20:53:24 INFO  Shutting down server
2025.03.05 20:53:24 INFO  shutting down Metals
2025.03.05 20:53:24 INFO  Exiting server
